[2026-01-11 07:59:56] [INFO] [api] API Action: get_sales_reports - SUCCESS
[2026-01-11 08:03:09] [INFO] [api] API Action: get_sales_reports - SUCCESS
[2026-01-11 08:03:23] [INFO] [api] API Action: get_sales_reports - SUCCESS
[2026-01-11 08:04:37] [INFO] [api] API Action: get_sales_reports - SUCCESS
[2026-01-11 08:07:41] [INFO] [api] API Action: get_sales_reports - SUCCESS
[2026-01-11 08:15:11] [INFO] [api] API Action: get_sales_reports - SUCCESS
[2026-01-11 08:15:19] [INFO] [api] API Action: get_sales_reports - SUCCESS
[2026-01-11 08:15:28] [INFO] [api] API Action: get_sales_reports - SUCCESS
[2026-01-11 08:16:11] [INFO] [api] API Action: get_sales_reports - SUCCESS
[2026-01-11 08:35:28] [INFO] [api] API Action: get_sales_reports - SUCCESS
[2026-01-11 08:35:48] [INFO] [api] API Action: get_sales_reports - SUCCESS
[2026-01-11 08:41:38] [INFO] [api] API Action: get_sales_reports - SUCCESS
[2026-01-11 08:41:39] [INFO] [api] API Action: get_sales_reports - SUCCESS
[2026-01-11 08:41:42] [INFO] [api] API Action: get_sales_reports - SUCCESS
[2026-01-11 08:43:44] [INFO] [api] API Action: get_sales_reports - SUCCESS
[2026-01-11 08:43:48] [INFO] [api] API Action: get_sales_reports - SUCCESS
[2026-01-11 08:43:56] [INFO] [api] API Action: get_sales_reports - SUCCESS
[2026-01-11 08:52:02] [INFO] [api] API Action: get_sales_reports - SUCCESS
[2026-01-11 08:57:41] [INFO] [api] API Action: get_sales_reports - SUCCESS
[2026-01-11 08:57:42] [INFO] [api] API Action: get_sales_reports - SUCCESS
[2026-01-11 08:57:43] [INFO] [api] API Action: get_sales_reports - SUCCESS
[2026-01-11 08:58:55] [INFO] [api] API Action: get_sales_reports - SUCCESS
[2026-01-11 08:59:01] [INFO] [api] API Action: get_sales_reports - SUCCESS
[2026-01-11 08:59:02] [INFO] [api] API Action: get_sales_reports - SUCCESS
[2026-01-11 08:59:09] [INFO] [api] API Action: get_sales_reports - SUCCESS
[2026-01-11 08:59:10] [INFO] [api] API Action: get_sales_reports - SUCCESS
[2026-01-11 08:59:13] [INFO] [api] API Action: get_sales_reports - SUCCESS
[2026-01-11 08:59:16] [INFO] [api] API Action: get_sales_reports - SUCCESS
[2026-01-11 08:59:42] [INFO] [api] API Action: get_sales_reports - SUCCESS
[2026-01-11 09:01:21] [INFO] [api] API Action: get_sales_reports - SUCCESS
[2026-01-11 09:01:23] [INFO] [api] API Action: get_sales_reports - SUCCESS
[2026-01-11 09:08:12] [INFO] [api] API Action: get_sales_reports - SUCCESS
[2026-01-11 09:08:15] [INFO] [api] API Action: get_sales_reports - SUCCESS
[2026-01-11 09:11:40] [INFO] [api] API Action: get_sales_reports - SUCCESS
[2026-01-11 09:11:42] [INFO] [api] API Action: get_sales_reports - SUCCESS
[2026-01-11 09:11:45] [INFO] [api] API Action: get_sales_reports - SUCCESS
[2026-01-11 09:26:55] [INFO] [api] API Action: get_sales_reports - SUCCESS
[2026-01-11 09:28:06] [INFO] [api] API Action: get_sales_reports - SUCCESS
[2026-01-11 10:33:09] [INFO] [api] API Action: get_sales_reports - SUCCESS
[2026-01-11 11:01:36] [INFO] [api] API Action: get_sales_reports - SUCCESS
[2026-01-11 11:02:29] [INFO] [api] API Action: get_dashboard_data - SUCCESS
[2026-01-11 11:02:29] [INFO] [api] API Action: get_sales_reports - SUCCESS
[2026-01-11 11:05:37] [INFO] [api] API Action: get_dashboard_data - SUCCESS
[2026-01-11 11:05:53] [INFO] [api] API Action: get_dashboard_data - SUCCESS
[2026-01-11 11:05:55] [INFO] [api] API Action: get_sales_reports - SUCCESS
[2026-01-11 11:05:56] [INFO] [api] API Action: get_dashboard_data - SUCCESS
[2026-01-11 11:12:40] [INFO] [api] API Action: get_all_clients - SUCCESS
[2026-01-11 11:12:40] [INFO] [api] API Action: get_all_clients - SUCCESS
[2026-01-11 11:14:31] [INFO] [api] API Action: get_all_clients - SUCCESS
[2026-01-11 11:14:31] [INFO] [api] API Action: get_client_profile - SUCCESS
[2026-01-11 11:14:31] [INFO] [api] API Action: get_all_clients - SUCCESS
[2026-01-11 11:15:17] [INFO] [api] API Action: get_all_clients - SUCCESS
[2026-01-11 11:15:18] [INFO] [api] API Action: get_client_profile - SUCCESS
[2026-01-11 11:15:23] [INFO] [api] API Action: get_client_profile - SUCCESS
[2026-01-11 11:15:38] [INFO] [api] API Action: get_client_profile - SUCCESS
[2026-01-11 11:24:17] [INFO] [api] API Action: get_sales_reports - SUCCESS
[2026-01-11 11:24:42] [INFO] [api] API Action: get_dashboard_data - SUCCESS
[2026-01-11 11:33:16] [INFO] [api] API Action: get_dashboard_data - SUCCESS
[2026-01-11 11:33:28] [INFO] [api] API Action: get_all_clients - SUCCESS
[2026-01-11 11:34:22] [INFO] [api] API Action: get_sales_reports - SUCCESS
[2026-01-11 11:34:27] [INFO] [api] API Action: get_dashboard_data - SUCCESS
[2026-01-11 11:34:35] [INFO] [api] API Action: get_all_clients - SUCCESS
[2026-01-11 11:43:31] [INFO] [api] API Action: get_dashboard_data - SUCCESS
[2026-01-11 11:45:17] [INFO] [api] API Action: get_dashboard_data - SUCCESS
[2026-01-11 11:45:34] [INFO] [api] API Action: get_all_clients - SUCCESS
[2026-01-11 11:45:36] [INFO] [api] API Action: get_all_clients - SUCCESS
[2026-01-11 11:49:50] [INFO] [api] API Action: get_all_clients - SUCCESS
[2026-01-11 11:49:55] [INFO] [api] API Action: get_dashboard_data - SUCCESS
[2026-01-11 11:55:50] [INFO] [api] API Action: get_dashboard_data - SUCCESS
[2026-01-11 11:55:58] [INFO] [api] API Action: get_sales_reports - SUCCESS
[2026-01-11 11:57:14] [INFO] [api] API Action: get_dashboard_data - SUCCESS
[2026-01-11 11:57:15] [INFO] [api] API Action: get_sales_reports - SUCCESS
[2026-01-11 11:57:20] [INFO] [api] API Action: get_sales_reports - SUCCESS
[2026-01-11 11:57:24] [INFO] [api] API Action: get_dashboard_data - SUCCESS
[2026-01-11 12:03:13] [INFO] [api] API Action: get_dashboard_data - SUCCESS
[2026-01-11 12:05:27] [INFO] [api] API Action: get_deduction_logs - SUCCESS
[2026-01-11 12:05:50] [INFO] [api] API Action: get_dashboard_data - SUCCESS
[2026-01-11 12:05:51] [INFO] [api] API Action: get_deduction_logs - SUCCESS
[2026-01-11 12:06:02] [INFO] [api] API Action: get_deduction_logs - SUCCESS
[2026-01-11 12:07:54] [INFO] [api] API Action: get_deduction_logs - SUCCESS
[2026-01-11 12:11:48] [INFO] [api] API Action: get_deduction_logs - SUCCESS
[2026-01-11 12:17:16] [INFO] [api] API Action: get_dashboard_data - SUCCESS
[2026-01-11 12:17:17] [INFO] [api] API Action: get_deduction_logs - SUCCESS
[2026-01-11 12:17:29] [INFO] [api] API Action: get_sales_reports - SUCCESS
[2026-01-11 12:17:33] [INFO] [api] API Action: get_all_clients - SUCCESS
[2026-01-11 12:18:26] [INFO] [api] API Action: get_all_clients - SUCCESS
[2026-01-11 12:56:55] [INFO] [api] API Action: get_all_clients - SUCCESS
[2026-01-11 12:56:57] [INFO] [api] API Action: get_client_profile - SUCCESS
[2026-01-11 12:57:14] [INFO] [api] API Action: get_sales_reports - SUCCESS
[2026-01-11 12:57:18] [INFO] [api] API Action: get_dashboard_data - SUCCESS
[2026-01-11 12:57:18] [INFO] [api] API Action: get_sales_reports - SUCCESS
[2026-01-11 12:57:20] [INFO] [api] API Action: get_all_clients - SUCCESS
[2026-01-11 12:57:21] [INFO] [api] API Action: get_all_clients - SUCCESS
[2026-01-11 12:58:10] [INFO] [api] API Action: get_deduction_logs - SUCCESS
[2026-01-11 13:22:34] [INFO] [api] API Action: get_dashboard_data - SUCCESS
[2026-01-11 13:22:49] [INFO] [api] API Action: get_dashboard_data - SUCCESS
[2026-01-11 13:24:32] [INFO] [api] API Action: get_sales_reports - SUCCESS
[2026-01-11 13:26:43] [INFO] [api] API Action: get_all_clients - SUCCESS
[2026-01-11 13:26:53] [INFO] [api] API Action: get_client_profile - SUCCESS
[2026-01-11 13:31:59] [INFO] [api] API Action: get_all_clients - SUCCESS
[2026-01-11 13:32:13] [INFO] [api] API Action: get_all_clients - SUCCESS
[2026-01-11 13:32:40] [INFO] [api] API Action: get_sales_reports - SUCCESS
[2026-01-11 13:32:43] [INFO] [api] API Action: get_sales_reports - SUCCESS
[2026-01-11 13:32:48] [INFO] [api] API Action: get_deduction_logs - SUCCESS
[2026-01-11 13:39:23] [INFO] [api] API Action: get_dashboard_data - SUCCESS
[2026-01-11 13:39:32] [INFO] [api] API Action: get_dashboard_data - SUCCESS
[2026-01-11 13:40:07] [INFO] [api] API Action: get_dashboard_data - SUCCESS
[2026-01-11 13:40:15] [INFO] [api] API Action: get_dashboard_data - SUCCESS
[2026-01-11 13:45:36] [INFO] [api] API Action: get_dashboard_data - SUCCESS
[2026-01-11 13:51:03] [INFO] [api] API Action: get_dashboard_data - SUCCESS
[2026-01-11 13:51:52] [INFO] [api] API Action: get_dashboard_data - SUCCESS
[2026-01-11 14:03:43] [INFO] [api] API Action: get_dashboard_data - SUCCESS
[2026-01-11 14:11:52] [INFO] [api] API Action: get_dashboard_data - SUCCESS
[2026-01-11 14:22:55] [INFO] [api] API Action: get_dashboard_data - SUCCESS
[2026-01-11 14:23:00] [INFO] [api] API Action: get_sales_reports - SUCCESS
[2026-01-11 14:25:35] [INFO] [api] API Action: get_dashboard_data - SUCCESS
[2026-01-11 14:27:18] [INFO] [api] API Action: get_dashboard_data - SUCCESS
[2026-01-11 14:31:07] [INFO] [api] API Action: get_dashboard_data - SUCCESS
[2026-01-11 14:31:18] [INFO] [api] API Action: get_sales_reports - SUCCESS
[2026-01-11 14:31:24] [INFO] [api] API Action: get_dashboard_data - SUCCESS
[2026-01-11 14:59:45] [INFO] [api] API Action: get_dashboard_data - SUCCESS
[2026-01-11 15:11:38] [INFO] [api] API Action: get_dashboard_data - SUCCESS
[2026-01-11 15:16:56] [INFO] [api] API Action: get_all_clients - SUCCESS
[2026-01-11 15:16:57] [INFO] [api] API Action: get_client_profile - SUCCESS
[2026-01-11 15:23:03] [INFO] [api] API Action: get_all_clients - SUCCESS
