[2026-01-15 00:03:03] [INFO] [api] API Action: get_dashboard_data - SUCCESS
[2026-01-15 00:05:23] [INFO] [api] API Action: get_all_clients - SUCCESS
[2026-01-15 00:07:19] [INFO] [api] API Action: get_dashboard_data - SUCCESS
[2026-01-15 00:08:59] [INFO] [api] API Action: get_dashboard_data - SUCCESS
[2026-01-15 00:11:39] [INFO] [api] API Action: get_dashboard_data - SUCCESS
[2026-01-15 00:19:46] [INFO] [api] API Action: get_all_clients - SUCCESS
[2026-01-15 00:22:56] [INFO] [api] API Action: get_dashboard_data - SUCCESS
[2026-01-15 00:22:57] [INFO] [api] API Action: get_all_clients - SUCCESS
[2026-01-15 00:22:58] [INFO] [api] API Action: get_client_profile - SUCCESS
[2026-01-15 00:24:31] [INFO] [api] API Action: get_all_clients - SUCCESS
[2026-01-15 00:24:42] [INFO] [api] API Action: get_client_profile - SUCCESS
[2026-01-15 00:24:43] [INFO] [api] API Action: get_client_profile - SUCCESS
[2026-01-15 00:24:59] [INFO] [api] API Action: get_all_clients - SUCCESS
[2026-01-15 00:25:01] [INFO] [api] API Action: get_client_profile - SUCCESS
[2026-01-15 00:25:03] [INFO] [api] API Action: get_client_profile - SUCCESS
[2026-01-15 00:25:03] [INFO] [api] API Action: get_client_profile - SUCCESS
[2026-01-15 00:26:08] [INFO] [api] API Action: get_all_clients - SUCCESS
[2026-01-15 00:26:17] [INFO] [api] API Action: get_client_profile - SUCCESS
[2026-01-15 00:26:19] [INFO] [api] API Action: get_client_profile - SUCCESS
[2026-01-15 00:27:01] [INFO] [api] API Action: get_all_clients - SUCCESS
[2026-01-15 00:27:05] [INFO] [api] API Action: get_client_profile - SUCCESS
[2026-01-15 00:27:07] [INFO] [api] API Action: get_client_profile - SUCCESS
[2026-01-15 00:27:08] [INFO] [api] API Action: get_client_profile - SUCCESS
[2026-01-15 00:27:08] [INFO] [api] API Action: get_client_profile - SUCCESS
[2026-01-15 00:27:08] [INFO] [api] API Action: get_client_profile - SUCCESS
[2026-01-15 00:27:16] [INFO] [api] API Action: get_client_profile - SUCCESS
[2026-01-15 00:27:20] [INFO] [api] API Action: get_client_profile - SUCCESS
[2026-01-15 00:27:20] [INFO] [api] API Action: get_client_profile - SUCCESS
[2026-01-15 00:27:20] [INFO] [api] API Action: get_client_profile - SUCCESS
[2026-01-15 00:27:50] [INFO] [api] API Action: get_sales_reports - SUCCESS
[2026-01-15 00:28:50] [INFO] [api] API Action: get_dashboard_data - SUCCESS
[2026-01-15 00:29:01] [INFO] [api] API Action: get_all_clients - SUCCESS
[2026-01-15 00:30:34] [INFO] [api] API Action: get_all_clients - SUCCESS
[2026-01-15 00:30:35] [INFO] [api] API Action: get_client_profile - SUCCESS
[2026-01-15 00:31:53] [INFO] [api] API Action: get_all_clients - SUCCESS
[2026-01-15 00:31:54] [INFO] [api] API Action: get_client_profile - SUCCESS
[2026-01-15 00:33:09] [INFO] [api] API Action: get_all_clients - SUCCESS
[2026-01-15 00:33:10] [INFO] [api] API Action: get_client_profile - SUCCESS
[2026-01-15 00:33:19] [INFO] [api] API Action: get_client_profile - SUCCESS
[2026-01-15 00:33:45] [INFO] [api] API Action: get_sales_reports - SUCCESS
[2026-01-15 00:33:46] [INFO] [api] API Action: get_sales_reports - SUCCESS
[2026-01-15 00:34:52] [INFO] [api] API Action: get_dashboard_data - SUCCESS
[2026-01-15 00:34:59] [INFO] [api] API Action: get_sales_reports - SUCCESS
[2026-01-15 02:03:55] [INFO] [api] API Action: get_dashboard_data - SUCCESS
[2026-01-15 02:14:28] [INFO] [api] API Action: get_dashboard_data - SUCCESS
[2026-01-15 02:20:31] [INFO] [api] API Action: get_deduction_logs - SUCCESS
[2026-01-15 02:22:10] [INFO] [api] API Action: get_all_clients - SUCCESS
[2026-01-15 02:22:18] [INFO] [api] API Action: get_client_profile - SUCCESS
[2026-01-15 02:22:28] [INFO] [api] API Action: get_client_profile - SUCCESS
[2026-01-15 02:22:50] [INFO] [api] API Action: get_sales_reports - SUCCESS
[2026-01-15 02:23:24] [INFO] [api] API Action: get_sales_reports - SUCCESS
[2026-01-15 10:59:31] [INFO] [api] API Action: get_dashboard_data - SUCCESS
[2026-01-15 11:01:09] [INFO] [api] API Action: get_dashboard_data - SUCCESS
[2026-01-15 11:01:13] [INFO] [api] API Action: get_sales_reports - SUCCESS
[2026-01-15 11:01:19] [INFO] [api] API Action: get_dashboard_data - SUCCESS
[2026-01-15 11:01:21] [INFO] [api] API Action: get_sales_reports - SUCCESS
[2026-01-15 11:09:27] [INFO] [api] API Action: get_dashboard_stats - SUCCESS
[2026-01-15 11:10:11] [INFO] [api] API Action: get_dashboard_data - SUCCESS
[2026-01-15 11:10:11] [INFO] [api] API Action: get_sales_reports - SUCCESS
[2026-01-15 11:15:07] [INFO] [api] API Action: get_dashboard_data - SUCCESS
[2026-01-15 11:15:08] [INFO] [api] API Action: get_dashboard_data - SUCCESS
[2026-01-15 11:15:53] [INFO] [api] API Action: get_dashboard_data - SUCCESS
[2026-01-15 11:16:38] [INFO] [api] API Action: get_dashboard_data - SUCCESS
[2026-01-15 11:17:23] [INFO] [api] API Action: get_dashboard_data - SUCCESS
[2026-01-15 11:18:08] [INFO] [api] API Action: get_dashboard_data - SUCCESS
[2026-01-15 11:18:53] [INFO] [api] API Action: get_dashboard_data - SUCCESS
[2026-01-15 11:19:38] [INFO] [api] API Action: get_dashboard_data - SUCCESS
[2026-01-15 11:20:57] [INFO] [api] API Action: get_dashboard_data - SUCCESS
[2026-01-15 11:21:58] [INFO] [api] API Action: get_dashboard_data - SUCCESS
[2026-01-15 11:22:59] [INFO] [api] API Action: get_dashboard_data - SUCCESS
[2026-01-15 11:23:59] [INFO] [api] API Action: get_dashboard_data - SUCCESS
[2026-01-15 11:24:59] [INFO] [api] API Action: get_dashboard_data - SUCCESS
[2026-01-15 11:25:38] [INFO] [api] API Action: get_dashboard_data - SUCCESS
[2026-01-15 11:26:54] [INFO] [api] API Action: get_dashboard_data - SUCCESS
[2026-01-15 11:27:55] [INFO] [api] API Action: get_dashboard_data - SUCCESS
[2026-01-15 11:28:56] [INFO] [api] API Action: get_dashboard_data - SUCCESS
[2026-01-15 11:29:57] [INFO] [api] API Action: get_dashboard_data - SUCCESS
[2026-01-15 11:30:58] [INFO] [api] API Action: get_dashboard_data - SUCCESS
[2026-01-15 11:31:59] [INFO] [api] API Action: get_dashboard_data - SUCCESS
[2026-01-15 11:32:59] [INFO] [api] API Action: get_dashboard_data - SUCCESS
[2026-01-15 11:33:59] [INFO] [api] API Action: get_dashboard_data - SUCCESS
[2026-01-15 11:34:59] [INFO] [api] API Action: get_dashboard_data - SUCCESS
[2026-01-15 11:35:59] [INFO] [api] API Action: get_dashboard_data - SUCCESS
[2026-01-15 11:36:59] [INFO] [api] API Action: get_dashboard_data - SUCCESS
[2026-01-15 11:37:28] [INFO] [api] API Action: get_dashboard_data - SUCCESS
[2026-01-15 11:38:13] [INFO] [api] API Action: get_dashboard_data - SUCCESS
[2026-01-15 11:38:58] [INFO] [api] API Action: get_dashboard_data - SUCCESS
[2026-01-15 11:56:42] [INFO] [api] API Action: get_dashboard_data - SUCCESS
[2026-01-15 11:57:03] [INFO] [api] API Action: get_sales_reports - SUCCESS
[2026-01-15 11:58:08] [INFO] [api] API Action: get_sales_reports - SUCCESS
[2026-01-15 11:59:25] [INFO] [api] API Action: get_sales_reports - SUCCESS
[2026-01-15 11:59:30] [INFO] [api] API Action: get_dashboard_data - SUCCESS
[2026-01-15 11:59:31] [INFO] [api] API Action: get_sales_reports - SUCCESS
[2026-01-15 11:59:44] [INFO] [api] API Action: get_all_clients - SUCCESS
[2026-01-15 12:00:14] [INFO] [api] API Action: get_all_clients - SUCCESS
[2026-01-15 12:00:44] [INFO] [api] API Action: get_all_clients - SUCCESS
[2026-01-15 12:01:14] [INFO] [api] API Action: get_all_clients - SUCCESS
[2026-01-15 12:01:44] [INFO] [api] API Action: get_all_clients - SUCCESS
[2026-01-15 12:02:14] [INFO] [api] API Action: get_all_clients - SUCCESS
[2026-01-15 12:02:59] [INFO] [api] API Action: get_all_clients - SUCCESS
[2026-01-15 12:03:59] [INFO] [api] API Action: get_all_clients - SUCCESS
[2026-01-15 12:04:59] [INFO] [api] API Action: get_all_clients - SUCCESS
[2026-01-15 12:05:59] [INFO] [api] API Action: get_all_clients - SUCCESS
[2026-01-15 12:06:24] [INFO] [api] API Action: get_all_clients - SUCCESS
[2026-01-15 12:06:24] [INFO] [api] API Action: get_dashboard_data - SUCCESS
[2026-01-15 12:06:54] [INFO] [api] API Action: get_all_clients - SUCCESS
[2026-01-15 12:07:09] [INFO] [api] API Action: get_dashboard_data - SUCCESS
[2026-01-15 12:07:24] [INFO] [api] API Action: get_all_clients - SUCCESS
[2026-01-15 12:07:54] [INFO] [api] API Action: get_dashboard_data - SUCCESS
[2026-01-15 12:07:57] [INFO] [api] API Action: get_all_clients - SUCCESS
[2026-01-15 12:08:27] [INFO] [api] API Action: get_all_clients - SUCCESS
[2026-01-15 12:08:57] [INFO] [api] API Action: get_all_clients - SUCCESS
[2026-01-15 12:09:27] [INFO] [api] API Action: get_all_clients - SUCCESS
[2026-01-15 12:09:57] [INFO] [api] API Action: get_all_clients - SUCCESS
[2026-01-15 12:10:56] [INFO] [api] API Action: get_all_clients - SUCCESS
[2026-01-15 12:11:26] [INFO] [api] API Action: get_all_clients - SUCCESS
[2026-01-15 12:11:56] [INFO] [api] API Action: get_all_clients - SUCCESS
[2026-01-15 12:12:21] [INFO] [api] API Action: get_dashboard_data - SUCCESS
[2026-01-15 12:12:53] [INFO] [api] API Action: get_all_clients - SUCCESS
[2026-01-15 12:13:06] [INFO] [api] API Action: get_dashboard_data - SUCCESS
[2026-01-15 12:13:23] [INFO] [api] API Action: get_all_clients - SUCCESS
[2026-01-15 12:13:51] [INFO] [api] API Action: get_dashboard_data - SUCCESS
[2026-01-15 12:13:53] [INFO] [api] API Action: get_all_clients - SUCCESS
[2026-01-15 12:14:23] [INFO] [api] API Action: get_all_clients - SUCCESS
[2026-01-15 12:14:36] [INFO] [api] API Action: get_dashboard_data - SUCCESS
[2026-01-15 12:14:53] [INFO] [api] API Action: get_all_clients - SUCCESS
[2026-01-15 12:15:21] [INFO] [api] API Action: get_dashboard_data - SUCCESS
[2026-01-15 12:15:23] [INFO] [api] API Action: get_all_clients - SUCCESS
[2026-01-15 12:15:59] [INFO] [api] API Action: get_all_clients - SUCCESS
[2026-01-15 12:16:06] [INFO] [api] API Action: get_dashboard_data - SUCCESS
[2026-01-15 12:16:51] [INFO] [api] API Action: get_dashboard_data - SUCCESS
[2026-01-15 12:16:59] [INFO] [api] API Action: get_all_clients - SUCCESS
[2026-01-15 12:17:59] [INFO] [api] API Action: get_dashboard_data - SUCCESS
[2026-01-15 12:17:59] [INFO] [api] API Action: get_all_clients - SUCCESS
[2026-01-15 12:18:21] [INFO] [api] API Action: get_dashboard_data - SUCCESS
[2026-01-15 12:18:24] [INFO] [api] API Action: get_all_clients - SUCCESS
[2026-01-15 12:18:53] [INFO] [api] API Action: get_all_clients - SUCCESS
[2026-01-15 12:19:23] [INFO] [api] API Action: get_all_clients - SUCCESS
[2026-01-15 12:19:53] [INFO] [api] API Action: get_all_clients - SUCCESS
[2026-01-15 12:20:23] [INFO] [api] API Action: get_all_clients - SUCCESS
[2026-01-15 12:20:53] [INFO] [api] API Action: get_all_clients - SUCCESS
[2026-01-15 12:21:54] [INFO] [api] API Action: get_all_clients - SUCCESS
[2026-01-15 12:22:44] [INFO] [api] API Action: get_all_clients - SUCCESS
[2026-01-15 12:22:53] [INFO] [api] API Action: get_all_clients - SUCCESS
[2026-01-15 12:23:23] [INFO] [api] API Action: get_all_clients - SUCCESS
[2026-01-15 12:23:53] [INFO] [api] API Action: get_all_clients - SUCCESS
[2026-01-15 12:24:23] [INFO] [api] API Action: get_all_clients - SUCCESS
[2026-01-15 12:24:53] [INFO] [api] API Action: get_all_clients - SUCCESS
[2026-01-15 12:25:23] [INFO] [api] API Action: get_all_clients - SUCCESS
[2026-01-15 12:25:56] [INFO] [api] API Action: get_all_clients - SUCCESS
[2026-01-15 12:26:26] [INFO] [api] API Action: get_all_clients - SUCCESS
[2026-01-15 12:26:56] [INFO] [api] API Action: get_all_clients - SUCCESS
[2026-01-15 12:27:26] [INFO] [api] API Action: get_all_clients - SUCCESS
[2026-01-15 12:27:56] [INFO] [api] API Action: get_all_clients - SUCCESS
[2026-01-15 12:28:26] [INFO] [api] API Action: get_all_clients - SUCCESS
[2026-01-15 12:28:59] [INFO] [api] API Action: get_all_clients - SUCCESS
[2026-01-15 12:29:59] [INFO] [api] API Action: get_all_clients - SUCCESS
[2026-01-15 12:30:34] [INFO] [api] API Action: get_all_clients - SUCCESS
[2026-01-15 12:30:56] [INFO] [api] API Action: get_all_clients - SUCCESS
[2026-01-15 12:31:26] [INFO] [api] API Action: get_all_clients - SUCCESS
[2026-01-15 12:31:56] [INFO] [api] API Action: get_all_clients - SUCCESS
[2026-01-15 12:32:26] [INFO] [api] API Action: get_all_clients - SUCCESS
[2026-01-15 12:32:59] [INFO] [api] API Action: get_all_clients - SUCCESS
[2026-01-15 12:33:59] [INFO] [api] API Action: get_all_clients - SUCCESS
[2026-01-15 12:34:59] [INFO] [api] API Action: get_all_clients - SUCCESS
[2026-01-15 12:35:52] [INFO] [api] API Action: get_all_clients - SUCCESS
[2026-01-15 12:35:56] [INFO] [api] API Action: get_all_clients - SUCCESS
[2026-01-15 12:36:26] [INFO] [api] API Action: get_all_clients - SUCCESS
[2026-01-15 12:36:56] [INFO] [api] API Action: get_all_clients - SUCCESS
[2026-01-15 12:37:59] [INFO] [api] API Action: get_all_clients - SUCCESS
[2026-01-15 12:38:59] [INFO] [api] API Action: get_all_clients - SUCCESS
[2026-01-15 12:39:59] [INFO] [api] API Action: get_all_clients - SUCCESS
[2026-01-15 12:41:00] [INFO] [api] API Action: get_all_clients - SUCCESS
[2026-01-15 12:41:59] [INFO] [api] API Action: get_all_clients - SUCCESS
[2026-01-15 12:42:59] [INFO] [api] API Action: get_all_clients - SUCCESS
[2026-01-15 12:43:59] [INFO] [api] API Action: get_all_clients - SUCCESS
[2026-01-15 12:44:35] [INFO] [api] API Action: get_dashboard_data - SUCCESS
[2026-01-15 12:44:35] [INFO] [api] API Action: get_all_clients - SUCCESS
[2026-01-15 12:45:06] [INFO] [api] API Action: get_all_clients - SUCCESS
[2026-01-15 12:45:20] [INFO] [api] API Action: get_dashboard_data - SUCCESS
[2026-01-15 12:45:36] [INFO] [api] API Action: get_all_clients - SUCCESS
[2026-01-15 12:46:05] [INFO] [api] API Action: get_dashboard_data - SUCCESS
[2026-01-15 12:46:06] [INFO] [api] API Action: get_all_clients - SUCCESS
[2026-01-15 12:46:35] [INFO] [api] API Action: get_all_clients - SUCCESS
[2026-01-15 12:47:06] [INFO] [api] API Action: get_all_clients - SUCCESS
[2026-01-15 12:47:36] [INFO] [api] API Action: get_all_clients - SUCCESS
[2026-01-15 12:48:52] [INFO] [api] API Action: get_all_clients - SUCCESS
[2026-01-15 12:49:53] [INFO] [api] API Action: get_all_clients - SUCCESS
[2026-01-15 12:50:54] [INFO] [api] API Action: get_all_clients - SUCCESS
[2026-01-15 12:51:55] [INFO] [api] API Action: get_all_clients - SUCCESS
[2026-01-15 12:52:56] [INFO] [api] API Action: get_all_clients - SUCCESS
[2026-01-15 12:53:27] [INFO] [api] API Action: get_dashboard_data - SUCCESS
[2026-01-15 12:53:27] [INFO] [api] API Action: get_all_clients - SUCCESS
[2026-01-15 12:53:57] [INFO] [api] API Action: get_all_clients - SUCCESS
[2026-01-15 12:54:27] [INFO] [api] API Action: get_all_clients - SUCCESS
[2026-01-15 12:54:57] [INFO] [api] API Action: get_all_clients - SUCCESS
[2026-01-15 12:55:27] [INFO] [api] API Action: get_all_clients - SUCCESS
[2026-01-15 12:55:57] [INFO] [api] API Action: get_all_clients - SUCCESS
[2026-01-15 12:56:27] [INFO] [api] API Action: get_all_clients - SUCCESS
[2026-01-15 12:56:57] [INFO] [api] API Action: get_all_clients - SUCCESS
[2026-01-15 12:57:58] [INFO] [api] API Action: get_all_clients - SUCCESS
[2026-01-15 12:58:59] [INFO] [api] API Action: get_all_clients - SUCCESS
[2026-01-15 12:59:59] [INFO] [api] API Action: get_all_clients - SUCCESS
[2026-01-15 13:00:59] [INFO] [api] API Action: get_all_clients - SUCCESS
[2026-01-15 13:01:59] [INFO] [api] API Action: get_all_clients - SUCCESS
[2026-01-15 13:02:59] [INFO] [api] API Action: get_all_clients - SUCCESS
[2026-01-15 13:03:59] [INFO] [api] API Action: get_all_clients - SUCCESS
